<?xml version="1.0" encoding="UTF-8"?>
<!-- Generated by org.testng.reporters.JUnitReportReporter -->
<testsuite hostname="HP" failures="0" tests="1" name="com.Automation.TestScripts.Login" time="12.450" errors="0" timestamp="2023-03-11T17:34:55 IST" skipped="0">
  <testcase classname="com.Automation.TestScripts.Login" name="OPenApp" time="12.450"/>
  <system-out/>
</testsuite> <!-- com.Automation.TestScripts.Login -->
